-------------------------------------------------------------------------------
Test set: com.example.demo.Day3projApplicationTests
-------------------------------------------------------------------------------
Tests run: 1, Failures: 0, Errors: 1, Skipped: 0, Time elapsed: 4.2 s <<< FAILURE! - in com.example.demo.Day3projApplicationTests
contextLoads  Time elapsed: 0.009 s  <<< ERROR!
java.lang.IllegalStateException: Failed to load ApplicationContext for [WebMergedContextConfiguration@495f3965 testClass = com.example.demo.Day3projApplicationTests, locations = [], classes = [com.example.demo.Day3projApplication], contextInitializerClasses = [], activeProfiles = [], propertySourceLocations = [], propertySourceProperties = ["org.springframework.boot.test.context.SpringBootTestContextBootstrapper=true"], contextCustomizers = [org.springframework.boot.test.context.filter.ExcludeFilterContextCustomizer@418c5a9c, org.springframework.boot.test.json.DuplicateJsonObjectContextCustomizerFactory$DuplicateJsonObjectContextCustomizer@332729ad, org.springframework.boot.test.mock.mockito.MockitoContextCustomizer@0, org.springframework.boot.test.web.client.TestRestTemplateContextCustomizer@7b8b43c7, org.springframework.boot.test.autoconfigure.actuate.observability.ObservabilityContextCustomizerFactory$DisableObservabilityContextCustomizer@9da1, org.springframework.boot.test.autoconfigure.properties.PropertyMappingContextCustomizer@0, org.springframework.boot.test.autoconfigure.web.servlet.WebDriverContextCustomizerFactory$Customizer@4ddbbdf8, org.springframework.boot.test.context.SpringBootTestAnnotation@f6dc5c67], resourceBasePath = "src/main/webapp", contextLoader = org.springframework.boot.test.context.SpringBootContextLoader, parent = null]
Caused by: org.springframework.beans.factory.UnsatisfiedDependencyException: Error creating bean with name 'cont1': Unsatisfied dependency expressed through field 'service': Error creating bean with name 'serv1': Unsatisfied dependency expressed through field 'repo': Error creating bean with name 'rep1' defined in com.example.demo.Repositories.rep1 defined in @EnableJpaRepositories declared on JpaRepositoriesRegistrar.EnableJpaRepositoriesConfiguration: Could not create query for public abstract java.util.List com.example.demo.Repositories.rep1.findBySalary(java.util.List); Reason: Failed to create query for method public abstract java.util.List com.example.demo.Repositories.rep1.findBySalary(java.util.List); Operator SIMPLE_PROPERTY on salary requires a scalar argument, found interface java.util.List in method public abstract java.util.List com.example.demo.Repositories.rep1.findBySalary(java.util.List)
Caused by: org.springframework.beans.factory.UnsatisfiedDependencyException: Error creating bean with name 'serv1': Unsatisfied dependency expressed through field 'repo': Error creating bean with name 'rep1' defined in com.example.demo.Repositories.rep1 defined in @EnableJpaRepositories declared on JpaRepositoriesRegistrar.EnableJpaRepositoriesConfiguration: Could not create query for public abstract java.util.List com.example.demo.Repositories.rep1.findBySalary(java.util.List); Reason: Failed to create query for method public abstract java.util.List com.example.demo.Repositories.rep1.findBySalary(java.util.List); Operator SIMPLE_PROPERTY on salary requires a scalar argument, found interface java.util.List in method public abstract java.util.List com.example.demo.Repositories.rep1.findBySalary(java.util.List)
Caused by: org.springframework.beans.factory.BeanCreationException: Error creating bean with name 'rep1' defined in com.example.demo.Repositories.rep1 defined in @EnableJpaRepositories declared on JpaRepositoriesRegistrar.EnableJpaRepositoriesConfiguration: Could not create query for public abstract java.util.List com.example.demo.Repositories.rep1.findBySalary(java.util.List); Reason: Failed to create query for method public abstract java.util.List com.example.demo.Repositories.rep1.findBySalary(java.util.List); Operator SIMPLE_PROPERTY on salary requires a scalar argument, found interface java.util.List in method public abstract java.util.List com.example.demo.Repositories.rep1.findBySalary(java.util.List)
Caused by: org.springframework.data.repository.query.QueryCreationException: Could not create query for public abstract java.util.List com.example.demo.Repositories.rep1.findBySalary(java.util.List); Reason: Failed to create query for method public abstract java.util.List com.example.demo.Repositories.rep1.findBySalary(java.util.List); Operator SIMPLE_PROPERTY on salary requires a scalar argument, found interface java.util.List in method public abstract java.util.List com.example.demo.Repositories.rep1.findBySalary(java.util.List)
Caused by: java.lang.IllegalArgumentException: Failed to create query for method public abstract java.util.List com.example.demo.Repositories.rep1.findBySalary(java.util.List); Operator SIMPLE_PROPERTY on salary requires a scalar argument, found interface java.util.List in method public abstract java.util.List com.example.demo.Repositories.rep1.findBySalary(java.util.List)
Caused by: java.lang.IllegalStateException: Operator SIMPLE_PROPERTY on salary requires a scalar argument, found interface java.util.List in method public abstract java.util.List com.example.demo.Repositories.rep1.findBySalary(java.util.List)

